Performing C SOURCE FILE Test CMAKE_HAVE_LIBC_PTHREAD failed with the following output:
Change Dir: /home/agilex/limo_ws/build/yolov3-ros/CMakeFiles/CMakeTmp

Run Build Command(s):/usr/bin/make -f Makefile cmTC_cb052/fast && /usr/bin/make  -f CMakeFiles/cmTC_cb052.dir/build.make CMakeFiles/cmTC_cb052.dir/build
make[1]: Entering directory '/home/agilex/limo_ws/build/yolov3-ros/CMakeFiles/CMakeTmp'
Building C object CMakeFiles/cmTC_cb052.dir/src.c.o
/usr/bin/cc -DCMAKE_HAVE_LIBC_PTHREAD   -o CMakeFiles/cmTC_cb052.dir/src.c.o -c /home/agilex/limo_ws/build/yolov3-ros/CMakeFiles/CMakeTmp/src.c
Linking C executable cmTC_cb052
/home/agilex/.local/lib/python3.6/site-packages/cmake/data/bin/cmake -E cmake_link_script CMakeFiles/cmTC_cb052.dir/link.txt --verbose=1
/usr/bin/cc -rdynamic CMakeFiles/cmTC_cb052.dir/src.c.o -o cmTC_cb052 
CMakeFiles/cmTC_cb052.dir/src.c.o: In function `main':
src.c:(.text+0x48): undefined reference to `pthread_create'
src.c:(.text+0x50): undefined reference to `pthread_detach'
src.c:(.text+0x58): undefined reference to `pthread_cancel'
src.c:(.text+0x64): undefined reference to `pthread_join'
src.c:(.text+0x74): undefined reference to `pthread_atfork'
collect2: error: ld returned 1 exit status
CMakeFiles/cmTC_cb052.dir/build.make:98: recipe for target 'cmTC_cb052' failed
make[1]: *** [cmTC_cb052] Error 1
make[1]: Leaving directory '/home/agilex/limo_ws/build/yolov3-ros/CMakeFiles/CMakeTmp'
Makefile:127: recipe for target 'cmTC_cb052/fast' failed
make: *** [cmTC_cb052/fast] Error 2


Source file was:
#include <pthread.h>

static void* test_func(void* data)
{
  return data;
}

int main(void)
{
  pthread_t thread;
  pthread_create(&thread, NULL, test_func, NULL);
  pthread_detach(thread);
  pthread_cancel(thread);
  pthread_join(thread, NULL);
  pthread_atfork(NULL, NULL, NULL);
  pthread_exit(NULL);

  return 0;
}

Determining if the function pthread_create exists in the pthreads failed with the following output:
Change Dir: /home/agilex/limo_ws/build/yolov3-ros/CMakeFiles/CMakeTmp

Run Build Command(s):/usr/bin/make -f Makefile cmTC_d294f/fast && /usr/bin/make  -f CMakeFiles/cmTC_d294f.dir/build.make CMakeFiles/cmTC_d294f.dir/build
make[1]: Entering directory '/home/agilex/limo_ws/build/yolov3-ros/CMakeFiles/CMakeTmp'
Building C object CMakeFiles/cmTC_d294f.dir/CheckFunctionExists.c.o
/usr/bin/cc   -DCHECK_FUNCTION_EXISTS=pthread_create -o CMakeFiles/cmTC_d294f.dir/CheckFunctionExists.c.o -c /home/agilex/.local/lib/python3.6/site-packages/cmake/data/share/cmake-3.22/Modules/CheckFunctionExists.c
Linking C executable cmTC_d294f
/home/agilex/.local/lib/python3.6/site-packages/cmake/data/bin/cmake -E cmake_link_script CMakeFiles/cmTC_d294f.dir/link.txt --verbose=1
/usr/bin/cc  -DCHECK_FUNCTION_EXISTS=pthread_create -rdynamic CMakeFiles/cmTC_d294f.dir/CheckFunctionExists.c.o -o cmTC_d294f  -lpthreads 
/usr/bin/ld: cannot find -lpthreads
collect2: error: ld returned 1 exit status
CMakeFiles/cmTC_d294f.dir/build.make:98: recipe for target 'cmTC_d294f' failed
make[1]: *** [cmTC_d294f] Error 1
make[1]: Leaving directory '/home/agilex/limo_ws/build/yolov3-ros/CMakeFiles/CMakeTmp'
Makefile:127: recipe for target 'cmTC_d294f/fast' failed
make: *** [cmTC_d294f/fast] Error 2



