Performing C SOURCE FILE Test CMAKE_HAVE_LIBC_PTHREAD failed with the following output:
Change Dir: /home/agilex/limo_ws/build/astra_camera/CMakeFiles/CMakeTmp

Run Build Command(s):/usr/bin/make -f Makefile cmTC_c3fba/fast && /usr/bin/make  -f CMakeFiles/cmTC_c3fba.dir/build.make CMakeFiles/cmTC_c3fba.dir/build
make[1]: Entering directory '/home/agilex/limo_ws/build/astra_camera/CMakeFiles/CMakeTmp'
Building C object CMakeFiles/cmTC_c3fba.dir/src.c.o
/usr/bin/cc -DCMAKE_HAVE_LIBC_PTHREAD  -fPIC -O3  -o CMakeFiles/cmTC_c3fba.dir/src.c.o -c /home/agilex/limo_ws/build/astra_camera/CMakeFiles/CMakeTmp/src.c
Linking C executable cmTC_c3fba
/home/agilex/.local/lib/python3.6/site-packages/cmake/data/bin/cmake -E cmake_link_script CMakeFiles/cmTC_c3fba.dir/link.txt --verbose=1
/usr/bin/cc  -fPIC -O3  -rdynamic CMakeFiles/cmTC_c3fba.dir/src.c.o -o cmTC_c3fba 
CMakeFiles/cmTC_c3fba.dir/src.c.o: In function `main':
src.c:(.text.startup+0x30): undefined reference to `pthread_create'
src.c:(.text.startup+0x38): undefined reference to `pthread_detach'
src.c:(.text.startup+0x40): undefined reference to `pthread_cancel'
src.c:(.text.startup+0x4c): undefined reference to `pthread_join'
src.c:(.text.startup+0x5c): undefined reference to `pthread_atfork'
collect2: error: ld returned 1 exit status
CMakeFiles/cmTC_c3fba.dir/build.make:98: recipe for target 'cmTC_c3fba' failed
make[1]: *** [cmTC_c3fba] Error 1
make[1]: Leaving directory '/home/agilex/limo_ws/build/astra_camera/CMakeFiles/CMakeTmp'
Makefile:127: recipe for target 'cmTC_c3fba/fast' failed
make: *** [cmTC_c3fba/fast] Error 2


Source file was:
#include <pthread.h>

static void* test_func(void* data)
{
  return data;
}

int main(void)
{
  pthread_t thread;
  pthread_create(&thread, NULL, test_func, NULL);
  pthread_detach(thread);
  pthread_cancel(thread);
  pthread_join(thread, NULL);
  pthread_atfork(NULL, NULL, NULL);
  pthread_exit(NULL);

  return 0;
}

Determining if the function pthread_create exists in the pthreads failed with the following output:
Change Dir: /home/agilex/limo_ws/build/astra_camera/CMakeFiles/CMakeTmp

Run Build Command(s):/usr/bin/make -f Makefile cmTC_4cf69/fast && /usr/bin/make  -f CMakeFiles/cmTC_4cf69.dir/build.make CMakeFiles/cmTC_4cf69.dir/build
make[1]: Entering directory '/home/agilex/limo_ws/build/astra_camera/CMakeFiles/CMakeTmp'
Building C object CMakeFiles/cmTC_4cf69.dir/CheckFunctionExists.c.o
/usr/bin/cc   -fPIC -O3 -DCHECK_FUNCTION_EXISTS=pthread_create -o CMakeFiles/cmTC_4cf69.dir/CheckFunctionExists.c.o -c /home/agilex/.local/lib/python3.6/site-packages/cmake/data/share/cmake-3.22/Modules/CheckFunctionExists.c
Linking C executable cmTC_4cf69
/home/agilex/.local/lib/python3.6/site-packages/cmake/data/bin/cmake -E cmake_link_script CMakeFiles/cmTC_4cf69.dir/link.txt --verbose=1
/usr/bin/cc  -fPIC -O3 -DCHECK_FUNCTION_EXISTS=pthread_create -rdynamic CMakeFiles/cmTC_4cf69.dir/CheckFunctionExists.c.o -o cmTC_4cf69  -lpthreads 
/usr/bin/ld: cannot find -lpthreads
collect2: error: ld returned 1 exit status
CMakeFiles/cmTC_4cf69.dir/build.make:98: recipe for target 'cmTC_4cf69' failed
make[1]: *** [cmTC_4cf69] Error 1
make[1]: Leaving directory '/home/agilex/limo_ws/build/astra_camera/CMakeFiles/CMakeTmp'
Makefile:127: recipe for target 'cmTC_4cf69/fast' failed
make: *** [cmTC_4cf69/fast] Error 2



